Dec 08 20:40:43 - [ERROR] xxnet_version fail
Dec 08 20:40:43 - [INFO] start XX-Net get_version_fail
Dec 08 20:40:43 - [DEBUG] start confirm_xxnet_exit
Dec 08 20:40:44 - [DEBUG] good, xxnet:8087 cleared!
Dec 08 20:40:45 - [DEBUG] good, xxnet:8085 clear!
Dec 08 20:40:45 - [DEBUG] finished confirm_xxnet_exit
Dec 08 20:40:50 - [INFO] gae_proxy started
Dec 08 20:40:50 - [INFO] start gae_proxy time cost 4287
Dec 08 20:40:50 - [INFO] begin to start web control
Dec 08 20:40:50 - [INFO] launcher web control started.
Dec 08 20:40:50 - [INFO] generate desktop shortcut
Dec 08 20:40:52 - [INFO] need_new_uuid: uuid is empty
Dec 08 20:40:52 - [INFO] generate uuid:aec60c5f-e7ff-4f23-8795-ad32d4f9c4e2
Dec 08 20:40:52 - [INFO] get uuid:aec60c5f-e7ff-4f23-8795-ad32d4f9c4e2
Dec 08 20:40:52 - [ERROR] xxnet_version fail
Dec 08 20:41:02 - [DEBUG] module gae_proxy stopping
Dec 08 20:41:03 - [INFO] module gae_proxy stopped
Dec 08 20:41:11 - [ERROR] xxnet_version fail
Dec 08 20:41:11 - [INFO] start XX-Net get_version_fail
Dec 08 20:41:11 - [DEBUG] start confirm_xxnet_exit
Dec 08 20:41:12 - [DEBUG] good, xxnet:8087 cleared!
Dec 08 20:41:13 - [DEBUG] good, xxnet:8085 clear!
Dec 08 20:41:13 - [DEBUG] finished confirm_xxnet_exit
Dec 08 20:41:14 - [INFO] gae_proxy started
Dec 08 20:41:14 - [INFO] start gae_proxy time cost 1207
Dec 08 20:41:14 - [INFO] begin to start web control
Dec 08 20:41:14 - [INFO] launcher web control started.
Dec 08 20:41:16 - [INFO] get uuid:aec60c5f-e7ff-4f23-8795-ad32d4f9c4e2
Dec 08 20:41:16 - [ERROR] xxnet_version fail
Dec 08 20:42:01 - [WARNING] check_update fail:HTTPError()
Dec 08 20:42:01 - [INFO] download https://raw.githubusercontent.com/XX-net/XX-Net/master/README.md to E:\QQ\GoogleChromePortable\data\downloads\README.md, retry:0
Dec 08 20:42:02 - [ERROR] xxnet_version fail
Dec 08 20:44:51 - [ERROR] xxnet_version fail
Dec 08 20:44:51 - [INFO] start XX-Net get_version_fail
Dec 08 20:44:51 - [DEBUG] start confirm_xxnet_exit
Dec 08 20:44:52 - [DEBUG] good, xxnet:8087 cleared!
Dec 08 20:44:53 - [DEBUG] good, xxnet:8085 clear!
Dec 08 20:44:53 - [DEBUG] finished confirm_xxnet_exit
Dec 08 20:44:54 - [INFO] gae_proxy started
Dec 08 20:44:54 - [INFO] start gae_proxy time cost 1206
Dec 08 20:44:54 - [INFO] begin to start web control
Dec 08 20:44:54 - [INFO] launcher web control started.
Dec 08 20:44:56 - [INFO] get uuid:aec60c5f-e7ff-4f23-8795-ad32d4f9c4e2
Dec 08 20:44:56 - [ERROR] xxnet_version fail
Dec 08 20:44:57 - [INFO] download https://raw.githubusercontent.com/XX-net/XX-Net/master/README.md to E:\QQ\GoogleChromePortable\data\downloads\README.md, retry:0
Dec 08 20:44:57 - [ERROR] xxnet_version fail
Dec 08 20:45:25 - [DEBUG] launcher web_control 127.0.0.1:4134 GET /download?cmd=get_progress 
Dec 08 20:45:25 - [DEBUG] launcher web_control 127.0.0.1:4135 GET /config?cmd=get_config 
Dec 08 20:45:25 - [ERROR] xxnet_version fail
Dec 08 20:45:29 - [DEBUG] launcher web_control 127.0.0.1:4160 GET /config?cmd=set_config&popup_webui=0 
Dec 08 20:45:29 - [ERROR] xxnet_version fail
Dec 08 20:45:40 - [DEBUG] launcher web_control 127.0.0.1:4289 GET /config?cmd=set_config&check_update=dont-check 
Dec 08 20:45:40 - [ERROR] xxnet_version fail
Dec 08 20:45:58 - [DEBUG] launcher web_control 127.0.0.1:4492 GET /download?cmd=get_progress 
Dec 08 20:45:58 - [DEBUG] launcher web_control 127.0.0.1:4498 GET /config?cmd=get_config 
Dec 08 20:45:58 - [ERROR] xxnet_version fail
Dec 08 20:46:44 - [DEBUG] launcher web_control 127.0.0.1:5041 GET /download?cmd=get_progress 
Dec 08 20:46:44 - [DEBUG] launcher web_control 127.0.0.1:5043 GET /config?cmd=get_config 
Dec 08 20:46:44 - [ERROR] xxnet_version fail
Dec 08 20:48:44 - [DEBUG] module gae_proxy stopping
Dec 08 20:48:45 - [INFO] module gae_proxy stopped
Dec 08 20:49:14 - [ERROR] xxnet_version fail
Dec 08 20:49:14 - [INFO] start XX-Net get_version_fail
Dec 08 20:49:14 - [DEBUG] start confirm_xxnet_exit
Dec 08 20:49:15 - [DEBUG] good, xxnet:8087 cleared!
Dec 08 20:49:16 - [DEBUG] good, xxnet:8085 clear!
Dec 08 20:49:16 - [DEBUG] finished confirm_xxnet_exit
Dec 08 20:49:18 - [INFO] gae_proxy started
Dec 08 20:49:18 - [INFO] start gae_proxy time cost 1222
Dec 08 20:49:18 - [INFO] begin to start web control
Dec 08 20:49:18 - [INFO] launcher web control started.
Dec 08 20:49:32 - [DEBUG] module gae_proxy stopping
Dec 08 20:49:32 - [INFO] module gae_proxy stopped
